Using pre-set license
Built from '2021.3/staging' branch; Version is '2021.3.6f1 (7da38d85baf6) revision 8233869'; Using compiler version '192829333'; Build Type 'Release'
OS: 'Windows 10  (10.0.18363) 64bit Professional' Language: 'en' Physical Memory: 16334 MB
BatchMode: 1, IsHumanControllingUs: 0, StartBugReporterOnCrash: 0, Is64bit: 1, IsPro: 1

COMMAND LINE ARGUMENTS:
D:\junk\Unity Editor\2021.3.6f1\Editor\Unity.exe
-adb2
-batchMode
-noUpm
-name
AssetImportWorker2
-projectPath
F:/Unity Projects/TinyCups/TinyCupCardGame
-logFile
Logs/AssetImportWorker2.log
-srvPort
52687
Successfully changed project path to: F:/Unity Projects/TinyCups/TinyCupCardGame
F:/Unity Projects/TinyCups/TinyCupCardGame
[UnityMemory] Configuration Parameters - Can be set up in boot.config
    "memorysetup-bucket-allocator-granularity=16"
    "memorysetup-bucket-allocator-bucket-count=8"
    "memorysetup-bucket-allocator-block-size=33554432"
    "memorysetup-bucket-allocator-block-count=8"
    "memorysetup-main-allocator-block-size=16777216"
    "memorysetup-thread-allocator-block-size=16777216"
    "memorysetup-gfx-main-allocator-block-size=16777216"
    "memorysetup-gfx-thread-allocator-block-size=16777216"
    "memorysetup-cache-allocator-block-size=4194304"
    "memorysetup-typetree-allocator-block-size=2097152"
    "memorysetup-profiler-bucket-allocator-granularity=16"
    "memorysetup-profiler-bucket-allocator-bucket-count=8"
    "memorysetup-profiler-bucket-allocator-block-size=33554432"
    "memorysetup-profiler-bucket-allocator-block-count=8"
    "memorysetup-profiler-allocator-block-size=16777216"
    "memorysetup-profiler-editor-allocator-block-size=1048576"
    "memorysetup-temp-allocator-size-main=16777216"
    "memorysetup-job-temp-allocator-block-size=2097152"
    "memorysetup-job-temp-allocator-block-size-background=1048576"
    "memorysetup-job-temp-allocator-reduction-small-platforms=262144"
    "memorysetup-temp-allocator-size-background-worker=32768"
    "memorysetup-temp-allocator-size-job-worker=262144"
    "memorysetup-temp-allocator-size-preload-manager=33554432"
    "memorysetup-temp-allocator-size-nav-mesh-worker=65536"
    "memorysetup-temp-allocator-size-audio-worker=65536"
    "memorysetup-temp-allocator-size-cloud-worker=32768"
    "memorysetup-temp-allocator-size-gi-baking-worker=262144"
    "memorysetup-temp-allocator-size-gfx=262144"
Refreshing native plugins compatible for Editor in 125.45 ms, found 4 plugins.
Preloading 0 native plugins for Editor in 0.00 ms.
Initialize engine version: 2021.3.6f1 (7da38d85baf6)
[Subsystems] Discovering subsystems at path D:/junk/Unity Editor/2021.3.6f1/Editor/Data/Resources/UnitySubsystems
[Subsystems] Discovering subsystems at path F:/Unity Projects/TinyCups/TinyCupCardGame/Assets
GfxDevice: creating device client; threaded=0; jobified=0
Direct3D:
    Version:  Direct3D 11.0 [level 11.1]
    Renderer: Radeon RX 570 Series (ID=0x67df)
    Vendor:   ATI
    VRAM:     4075 MB
    Driver:   27.20.1034.6
Initialize mono
Mono path[0] = 'D:/junk/Unity Editor/2021.3.6f1/Editor/Data/Managed'
Mono path[1] = 'D:/junk/Unity Editor/2021.3.6f1/Editor/Data/MonoBleedingEdge/lib/mono/unityjit-win32'
Mono config path = 'D:/junk/Unity Editor/2021.3.6f1/Editor/Data/MonoBleedingEdge/etc'
Using monoOptions --debugger-agent=transport=dt_socket,embedding=1,server=y,suspend=n,address=127.0.0.1:56292
Begin MonoManager ReloadAssembly
Registering precompiled unity dll's ...
Register platform support module: D:/junk/Unity Editor/2021.3.6f1/Editor/Data/PlaybackEngines/WindowsStandaloneSupport/UnityEditor.WindowsStandalone.Extensions.dll
Registered in 0.003233 seconds.
Native extension for WindowsStandalone target not found
Refreshing native plugins compatible for Editor in 120.17 ms, found 4 plugins.
Preloading 0 native plugins for Editor in 0.00 ms.
Mono: successfully reloaded assembly
- Completed reload, in  1.272 seconds
Domain Reload Profiling:
	ReloadAssembly (1273ms)
		BeginReloadAssembly (97ms)
			ExecutionOrderSort (0ms)
			DisableScriptedObjects (0ms)
			BackupInstance (0ms)
			ReleaseScriptingObjects (0ms)
			CreateAndSetChildDomain (1ms)
		EndReloadAssembly (835ms)
			LoadAssemblies (95ms)
			RebuildTransferFunctionScriptingTraits (0ms)
			SetupTypeCache (331ms)
			ReleaseScriptCaches (0ms)
			RebuildScriptCaches (41ms)
			SetupLoadedEditorAssemblies (398ms)
				LogAssemblyErrors (0ms)
				InitializePlatformSupportModulesInManaged (9ms)
				SetLoadedEditorAssemblies (0ms)
				RefreshPlugins (120ms)
				BeforeProcessingInitializeOnLoad (2ms)
				ProcessInitializeOnLoadAttributes (187ms)
				ProcessInitializeOnLoadMethodAttributes (80ms)
				AfterProcessingInitializeOnLoad (0ms)
				EditorAssembliesLoaded (0ms)
			ExecutionOrderSort2 (0ms)
			AwakeInstancesAfterBackupRestoration (0ms)
Platform modules already initialized, skipping
Registering precompiled user dll's ...
Registered in 0.007547 seconds.
Begin MonoManager ReloadAssembly
Symbol file LoadedFromMemory doesn't match image F:\Unity Projects\TinyCups\TinyCupCardGame\Library\PackageCache\com.unity.visualscripting@1.7.8\Editor\VisualScripting.Core\Dependencies\YamlDotNet\Unity.VisualScripting.YamlDotNet.dll
Symbol file LoadedFromMemory doesn't match image F:\Unity Projects\TinyCups\TinyCupCardGame\Library\PackageCache\com.unity.visualscripting@1.7.8\Editor\VisualScripting.Core\Dependencies\DotNetZip\Unity.VisualScripting.IonicZip.dll
Native extension for WindowsStandalone target not found
Refreshing native plugins compatible for Editor in 102.44 ms, found 4 plugins.
Preloading 0 native plugins for Editor in 0.00 ms.
Mono: successfully reloaded assembly
- Completed reload, in  1.451 seconds
Domain Reload Profiling:
	ReloadAssembly (1452ms)
		BeginReloadAssembly (127ms)
			ExecutionOrderSort (0ms)
			DisableScriptedObjects (8ms)
			BackupInstance (0ms)
			ReleaseScriptingObjects (0ms)
			CreateAndSetChildDomain (24ms)
		EndReloadAssembly (1192ms)
			LoadAssemblies (98ms)
			RebuildTransferFunctionScriptingTraits (0ms)
			SetupTypeCache (310ms)
			ReleaseScriptCaches (1ms)
			RebuildScriptCaches (76ms)
			SetupLoadedEditorAssemblies (651ms)
				LogAssemblyErrors (0ms)
				InitializePlatformSupportModulesInManaged (4ms)
				SetLoadedEditorAssemblies (0ms)
				RefreshPlugins (103ms)
				BeforeProcessingInitializeOnLoad (114ms)
				ProcessInitializeOnLoadAttributes (379ms)
				ProcessInitializeOnLoadMethodAttributes (48ms)
				AfterProcessingInitializeOnLoad (3ms)
				EditorAssembliesLoaded (0ms)
			ExecutionOrderSort2 (0ms)
			AwakeInstancesAfterBackupRestoration (9ms)
Platform modules already initialized, skipping
========================================================================
Worker process is ready to serve import requests
Launched and connected shader compiler UnityShaderCompiler.exe after 0.28 seconds
Refreshing native plugins compatible for Editor in 0.81 ms, found 4 plugins.
Preloading 0 native plugins for Editor in 0.00 ms.
Unloading 4201 Unused Serialized files (Serialized files now loaded: 0)
Unloading 47 unused Assets / (222.9 KB). Loaded Objects now: 4656.
Memory consumption went from 157.3 MB to 157.0 MB.
Total: 4.113600 ms (FindLiveObjects: 0.393500 ms CreateObjectMapping: 0.105100 ms MarkObjects: 3.399600 ms  DeleteObjects: 0.213900 ms)

AssetImportParameters requested are different than current active one (requested -> active):
  custom:video-decoder-ogg-theora: a1e56fd34408186e4bbccfd4996cb3dc -> 
  custom:container-muxer-webm: aa71ff27fc2769a1b78a27578f13a17b -> 
  custom:container-demuxer-webm: 4f35f7cbe854078d1ac9338744f61a02 -> 
  custom:video-encoder-webm-vp8: eb34c28f22e8b96e1ab97ce403110664 -> 
  custom:audio-encoder-webm-vorbis: bf7c407c2cedff20999df2af8eb42d56 -> 
  custom:framework-win-MediaFoundation: 216162199b28c13a410421893ffa2e32 -> 
  custom:container-demuxer-ogg: 62fdf1f143b41e24485cea50d1cbac27 -> 
  custom:video-decoder-webm-vp8: 9c59270c3fd7afecdb556c50c9e8de78 -> 
  custom:audio-decoder-ogg-vorbis: bf7c407c2cedff20999df2af8eb42d56 -> 
========================================================================
Received Import Request.
  Time since last request: 219138.227448 seconds.
  path: Assets/OneLine/OneLine/Editor/Drawers/Decorators/HeaderDrawer.cs
  artifactKey: Guid(987bb2bfe949b4d8e94798045bd532aa) Importer(2089858483,0ecaa5967403d082aa24f35e1b516d23)
Start importing Assets/OneLine/OneLine/Editor/Drawers/Decorators/HeaderDrawer.cs using Guid(987bb2bfe949b4d8e94798045bd532aa) Importer(2089858483,0ecaa5967403d082aa24f35e1b516d23) Generated GUIDs only implemented for interfaces!
 -> (artifact id: '84d453231acaea942975450021e34d73') in 0.186223 seconds 
========================================================================
Received Import Request.
  Time since last request: 0.000043 seconds.
  path: Assets/OneLine/OneLine/Example/Overview/Scripts/ComplexExample.cs
  artifactKey: Guid(e94d73f5f4a1f45a78ab8735d6640480) Importer(2089858483,0ecaa5967403d082aa24f35e1b516d23)
Start importing Assets/OneLine/OneLine/Example/Overview/Scripts/ComplexExample.cs using Guid(e94d73f5f4a1f45a78ab8735d6640480) Importer(2089858483,0ecaa5967403d082aa24f35e1b516d23) Generated GUIDs only implemented for interfaces!
 -> (artifact id: '69b8e7906b4c9bc15d3866b6277940b2') in 0.011798 seconds 
========================================================================
Received Import Request.
  Time since last request: 0.000036 seconds.
  path: Assets/OneLine/OneLine/Editor/Settings/Primitives/TernaryBoolean.cs
  artifactKey: Guid(6e630cbbc0a834c9bb7fffd6c5ea8ad7) Importer(2089858483,0ecaa5967403d082aa24f35e1b516d23)
Start importing Assets/OneLine/OneLine/Editor/Settings/Primitives/TernaryBoolean.cs using Guid(6e630cbbc0a834c9bb7fffd6c5ea8ad7) Importer(2089858483,0ecaa5967403d082aa24f35e1b516d23) Generated GUIDs only implemented for interfaces!
 -> (artifact id: '302693f96f2c2c946683c4b0b4f17af5') in 0.012789 seconds 
========================================================================
Received Import Request.
  Time since last request: 0.000027 seconds.
  path: Assets/OneLine/OneLine/Example/Details/Scripts/CustomPropertyDrawerExample.cs
  artifactKey: Guid(df9cda7dbd5e943a38c44d0a82e6cd6e) Importer(2089858483,0ecaa5967403d082aa24f35e1b516d23)
Start importing Assets/OneLine/OneLine/Example/Details/Scripts/CustomPropertyDrawerExample.cs using Guid(df9cda7dbd5e943a38c44d0a82e6cd6e) Importer(2089858483,0ecaa5967403d082aa24f35e1b516d23) Generated GUIDs only implemented for interfaces!
 -> (artifact id: '60147536236cda5be207dd8bc7106ced') in 0.014032 seconds 
========================================================================
Received Import Request.
  Time since last request: 0.000025 seconds.
  path: Assets/OneLine/OneLine/Example/Details/Nested/Nested Array Example.asset
  artifactKey: Guid(016f01599c97342019f26de70f1b8b9a) Importer(2089858483,0ecaa5967403d082aa24f35e1b516d23)
Start importing Assets/OneLine/OneLine/Example/Details/Nested/Nested Array Example.asset using Guid(016f01599c97342019f26de70f1b8b9a) Importer(2089858483,0ecaa5967403d082aa24f35e1b516d23) Generated GUIDs only implemented for interfaces!
 -> (artifact id: '94137a5a2e75eb4b4b75ec1a0e8297b7') in 0.033475 seconds 
========================================================================
Received Import Request.
  Time since last request: 0.000026 seconds.
  path: Assets/OneLine/OneLine/Example/Details/Scripts/WidthExample.cs
  artifactKey: Guid(31857a9f7779c6647b8c9fe564a1ecd6) Importer(2089858483,0ecaa5967403d082aa24f35e1b516d23)
Start importing Assets/OneLine/OneLine/Example/Details/Scripts/WidthExample.cs using Guid(31857a9f7779c6647b8c9fe564a1ecd6) Importer(2089858483,0ecaa5967403d082aa24f35e1b516d23) Generated GUIDs only implemented for interfaces!
 -> (artifact id: 'f2a2a2ab42eea12f8c2024d01a44dde6') in 0.012558 seconds 
========================================================================
Received Import Request.
  Time since last request: 0.000022 seconds.
  path: Assets/OneLine/OneLine/Example/Details/Scripts/FixedLengthExample.cs
  artifactKey: Guid(67c875bd69248af4aa52f69249dd6cdd) Importer(2089858483,0ecaa5967403d082aa24f35e1b516d23)
Start importing Assets/OneLine/OneLine/Example/Details/Scripts/FixedLengthExample.cs using Guid(67c875bd69248af4aa52f69249dd6cdd) Importer(2089858483,0ecaa5967403d082aa24f35e1b516d23) Generated GUIDs only implemented for interfaces!
 -> (artifact id: '7bb78ae173e6d192425174bc28f7d2c1') in 0.012554 seconds 
========================================================================
Received Import Request.
  Time since last request: 0.000026 seconds.
  path: Assets/OneLine/OneLine/Example/Benchmark/Scripts/SeparateFieldsBenchmark.cs
  artifactKey: Guid(652cefb73657e411a874f57349d8b993) Importer(2089858483,0ecaa5967403d082aa24f35e1b516d23)
Start importing Assets/OneLine/OneLine/Example/Benchmark/Scripts/SeparateFieldsBenchmark.cs using Guid(652cefb73657e411a874f57349d8b993) Importer(2089858483,0ecaa5967403d082aa24f35e1b516d23) Generated GUIDs only implemented for interfaces!
 -> (artifact id: '0ff90291701dd9b7124ac75a606857c5') in 0.013595 seconds 
========================================================================
Received Prepare
Refreshing native plugins compatible for Editor in 5.28 ms, found 4 plugins.
Preloading 0 native plugins for Editor in 0.00 ms.
Unloading 33 Unused Serialized files (Serialized files now loaded: 0)
Unloading 33 unused Assets / (187.4 KB). Loaded Objects now: 4656.
Memory consumption went from 72.7 MB to 72.6 MB.
Total: 4.004100 ms (FindLiveObjects: 0.378100 ms CreateObjectMapping: 0.108000 ms MarkObjects: 3.346900 ms  DeleteObjects: 0.170000 ms)

AssetImportParameters requested are different than current active one (requested -> active):
  custom:video-decoder-ogg-theora: a1e56fd34408186e4bbccfd4996cb3dc -> 
  custom:container-muxer-webm: aa71ff27fc2769a1b78a27578f13a17b -> 
  custom:container-demuxer-webm: 4f35f7cbe854078d1ac9338744f61a02 -> 
  custom:video-encoder-webm-vp8: eb34c28f22e8b96e1ab97ce403110664 -> 
  custom:audio-encoder-webm-vorbis: bf7c407c2cedff20999df2af8eb42d56 -> 
  custom:framework-win-MediaFoundation: 216162199b28c13a410421893ffa2e32 -> 
  custom:SearchIndexIgnoredProperties: e643bd26f0fe6173181afceb89e7c659 -> 
  custom:container-demuxer-ogg: 62fdf1f143b41e24485cea50d1cbac27 -> 
  custom:video-decoder-webm-vp8: 9c59270c3fd7afecdb556c50c9e8de78 -> 
  custom:audio-decoder-ogg-vorbis: bf7c407c2cedff20999df2af8eb42d56 -> 
========================================================================
Received Import Request.
  Time since last request: 199.224709 seconds.
  path: Assets/Prefabs/Cards/CardTEMP (1) 10.prefab
  artifactKey: Guid(aa956a1c677f15c42b94984b5ee2c209) Importer(815301076,1909f56bfc062723c751e8b465ee728b)
Start importing Assets/Prefabs/Cards/CardTEMP (1) 10.prefab using Guid(aa956a1c677f15c42b94984b5ee2c209) Importer(815301076,1909f56bfc062723c751e8b465ee728b)  -> (artifact id: 'ba44486788cc6889915b51e8406dcf0b') in 0.132020 seconds 
========================================================================
Received Import Request.
  Time since last request: 0.757510 seconds.
  path: Assets/Prefabs/Cards/CardTEMP (1) 5.prefab
  artifactKey: Guid(39555707988214343b8b70422dc02a3c) Importer(815301076,1909f56bfc062723c751e8b465ee728b)
Start importing Assets/Prefabs/Cards/CardTEMP (1) 5.prefab using Guid(39555707988214343b8b70422dc02a3c) Importer(815301076,1909f56bfc062723c751e8b465ee728b)  -> (artifact id: '7ba103f31881dec8da8fb52f716c4a13') in 0.019728 seconds 
========================================================================
Received Import Request.
  Time since last request: 0.361888 seconds.
  path: Assets/Prefabs/Cards/CardTEMP (1) 18.prefab
  artifactKey: Guid(8170f27165ce1a54f8afa3b43b036b7a) Importer(815301076,1909f56bfc062723c751e8b465ee728b)
Start importing Assets/Prefabs/Cards/CardTEMP (1) 18.prefab using Guid(8170f27165ce1a54f8afa3b43b036b7a) Importer(815301076,1909f56bfc062723c751e8b465ee728b)  -> (artifact id: '87d81904c4a10bb050df5cf112b5ecb6') in 0.015633 seconds 
========================================================================
Received Import Request.
  Time since last request: 0.355901 seconds.
  path: Assets/Prefabs/Cards/CardTEMP (1) 26.prefab
  artifactKey: Guid(bd109932c6ef09b4d92d5a643ce5736c) Importer(815301076,1909f56bfc062723c751e8b465ee728b)
Start importing Assets/Prefabs/Cards/CardTEMP (1) 26.prefab using Guid(bd109932c6ef09b4d92d5a643ce5736c) Importer(815301076,1909f56bfc062723c751e8b465ee728b)  -> (artifact id: '5e06ed4c2c640b9678c9528761fe4d29') in 0.016927 seconds 
========================================================================
Received Import Request.
  Time since last request: 0.491119 seconds.
  path: Assets/Prefabs/Cards/CardTEMP (2).prefab
  artifactKey: Guid(85a9ea18dc2672a4ba35964f460c1c96) Importer(815301076,1909f56bfc062723c751e8b465ee728b)
Start importing Assets/Prefabs/Cards/CardTEMP (2).prefab using Guid(85a9ea18dc2672a4ba35964f460c1c96) Importer(815301076,1909f56bfc062723c751e8b465ee728b)  -> (artifact id: 'aa2a57d08ee9aa67f5c95260d383cbf0') in 0.016595 seconds 
========================================================================
Received Import Request.
  Time since last request: 228.278323 seconds.
  path: Assets/Prefabs/Cards/CardTEMP (1) 19.prefab
  artifactKey: Guid(96c609c6a5fbcaf44bff438742186ebb) Importer(815301076,1909f56bfc062723c751e8b465ee728b)
Start importing Assets/Prefabs/Cards/CardTEMP (1) 19.prefab using Guid(96c609c6a5fbcaf44bff438742186ebb) Importer(815301076,1909f56bfc062723c751e8b465ee728b)  -> (artifact id: 'edb7a1f4f411f4a25c62ae541506a079') in 0.017334 seconds 
========================================================================
Received Import Request.
  Time since last request: 0.613991 seconds.
  path: Assets/Prefabs/Cards/CardTEMP (1) 7.prefab
  artifactKey: Guid(502d24d88fed824489e381f1e3eb94eb) Importer(815301076,1909f56bfc062723c751e8b465ee728b)
Start importing Assets/Prefabs/Cards/CardTEMP (1) 7.prefab using Guid(502d24d88fed824489e381f1e3eb94eb) Importer(815301076,1909f56bfc062723c751e8b465ee728b)  -> (artifact id: 'ba3be4244545783f47333577c2075ea2') in 0.018313 seconds 
========================================================================
Received Import Request.
  Time since last request: 36.221107 seconds.
  path: Assets/Prefabs/Cards/CardTEMP (1) 1.prefab
  artifactKey: Guid(9ee4a37f54cafd240a5f17d64e5b1ff7) Importer(815301076,1909f56bfc062723c751e8b465ee728b)
Start importing Assets/Prefabs/Cards/CardTEMP (1) 1.prefab using Guid(9ee4a37f54cafd240a5f17d64e5b1ff7) Importer(815301076,1909f56bfc062723c751e8b465ee728b)  -> (artifact id: '6a66472027c3277aab69cf01d916f609') in 0.017032 seconds 
========================================================================
Received Import Request.
  Time since last request: 3.342713 seconds.
  path: Assets/Prefabs/Cards/CardTEMP (1) 1.prefab
  artifactKey: Guid(9ee4a37f54cafd240a5f17d64e5b1ff7) Importer(815301076,1909f56bfc062723c751e8b465ee728b)
Start importing Assets/Prefabs/Cards/CardTEMP (1) 1.prefab using Guid(9ee4a37f54cafd240a5f17d64e5b1ff7) Importer(815301076,1909f56bfc062723c751e8b465ee728b)  -> (artifact id: '24774bce4c588c68285275a6f6d228cc') in 0.014349 seconds 
========================================================================
Received Import Request.
  Time since last request: 0.932913 seconds.
  path: Assets/Prefabs/Cards/CardTEMP (1) 11.prefab
  artifactKey: Guid(dd66ecaed5d872d40abfaa7deee4d127) Importer(2089858483,0ecaa5967403d082aa24f35e1b516d23)
Start importing Assets/Prefabs/Cards/CardTEMP (1) 11.prefab using Guid(dd66ecaed5d872d40abfaa7deee4d127) Importer(2089858483,0ecaa5967403d082aa24f35e1b516d23) Generated GUIDs only implemented for interfaces!
 -> (artifact id: '9aea5006d898079c616c07814defd519') in 0.038327 seconds 
========================================================================
Received Import Request.
  Time since last request: 0.000034 seconds.
  path: Assets/Prefabs/Cards/CardTEMP (1) 19.prefab
  artifactKey: Guid(96c609c6a5fbcaf44bff438742186ebb) Importer(2089858483,0ecaa5967403d082aa24f35e1b516d23)
Start importing Assets/Prefabs/Cards/CardTEMP (1) 19.prefab using Guid(96c609c6a5fbcaf44bff438742186ebb) Importer(2089858483,0ecaa5967403d082aa24f35e1b516d23) Generated GUIDs only implemented for interfaces!
 -> (artifact id: 'f494c70c28de091d6b558e75a8836741') in 0.196575 seconds 
========================================================================
Received Import Request.
  Time since last request: 0.000043 seconds.
  path: Assets/Prefabs/Cards/CardTEMP (1) 15.prefab
  artifactKey: Guid(379da7102047a9348861d20c2277be71) Importer(2089858483,0ecaa5967403d082aa24f35e1b516d23)
Start importing Assets/Prefabs/Cards/CardTEMP (1) 15.prefab using Guid(379da7102047a9348861d20c2277be71) Importer(2089858483,0ecaa5967403d082aa24f35e1b516d23) Generated GUIDs only implemented for interfaces!
 -> (artifact id: '253b048557dae998b4c12aee3600c63d') in 0.022920 seconds 
========================================================================
Received Import Request.
  Time since last request: 0.000048 seconds.
  path: Assets/Prefabs/Cards/CardTEMP (1) 5.prefab
  artifactKey: Guid(39555707988214343b8b70422dc02a3c) Importer(2089858483,0ecaa5967403d082aa24f35e1b516d23)
Start importing Assets/Prefabs/Cards/CardTEMP (1) 5.prefab using Guid(39555707988214343b8b70422dc02a3c) Importer(2089858483,0ecaa5967403d082aa24f35e1b516d23) Generated GUIDs only implemented for interfaces!
 -> (artifact id: '4b73058a9be58bdc64940fbb8039f561') in 0.028437 seconds 
========================================================================
Received Import Request.
  Time since last request: 0.000036 seconds.
  path: Assets/Prefabs/Cards/CardTEMP (1) 27.prefab
  artifactKey: Guid(9d9f99b6697fcf0448a636706a016eb2) Importer(2089858483,0ecaa5967403d082aa24f35e1b516d23)
Start importing Assets/Prefabs/Cards/CardTEMP (1) 27.prefab using Guid(9d9f99b6697fcf0448a636706a016eb2) Importer(2089858483,0ecaa5967403d082aa24f35e1b516d23) Generated GUIDs only implemented for interfaces!
 -> (artifact id: '22f77ffb066b5a70df105519600d8d04') in 0.034430 seconds 
========================================================================
Received Import Request.
  Time since last request: 9.867940 seconds.
  path: Assets/Prefabs/Cards/CardTEMP (1) 14.prefab
  artifactKey: Guid(be9a9928cd48e5c44bff821fdd6b086e) Importer(2089858483,0ecaa5967403d082aa24f35e1b516d23)
Start importing Assets/Prefabs/Cards/CardTEMP (1) 14.prefab using Guid(be9a9928cd48e5c44bff821fdd6b086e) Importer(2089858483,0ecaa5967403d082aa24f35e1b516d23) Generated GUIDs only implemented for interfaces!
 -> (artifact id: '1ae3e3c07f73c106a31048f29db7db35') in 0.021591 seconds 
========================================================================
Received Import Request.
  Time since last request: 0.000044 seconds.
  path: Assets/Prefabs/Cards/CardTEMP (1) 8.prefab
  artifactKey: Guid(772ab28415bedec40902f2a01ffb9570) Importer(2089858483,0ecaa5967403d082aa24f35e1b516d23)
Start importing Assets/Prefabs/Cards/CardTEMP (1) 8.prefab using Guid(772ab28415bedec40902f2a01ffb9570) Importer(2089858483,0ecaa5967403d082aa24f35e1b516d23) Generated GUIDs only implemented for interfaces!
 -> (artifact id: '83774562293c3752dca3081eb027a27b') in 0.022448 seconds 
========================================================================
Received Import Request.
  Time since last request: 0.000023 seconds.
  path: Assets/Prefabs/Cards/CardTEMP (1) 1.prefab
  artifactKey: Guid(9ee4a37f54cafd240a5f17d64e5b1ff7) Importer(2089858483,0ecaa5967403d082aa24f35e1b516d23)
Start importing Assets/Prefabs/Cards/CardTEMP (1) 1.prefab using Guid(9ee4a37f54cafd240a5f17d64e5b1ff7) Importer(2089858483,0ecaa5967403d082aa24f35e1b516d23) Generated GUIDs only implemented for interfaces!
 -> (artifact id: '0804298c0dc6f0f4ed37e8a7b828c452') in 0.025389 seconds 
========================================================================
Received Import Request.
  Time since last request: 0.000030 seconds.
  path: Assets/Prefabs/Cards/CardTEMP (1) 26.prefab
  artifactKey: Guid(bd109932c6ef09b4d92d5a643ce5736c) Importer(2089858483,0ecaa5967403d082aa24f35e1b516d23)
Start importing Assets/Prefabs/Cards/CardTEMP (1) 26.prefab using Guid(bd109932c6ef09b4d92d5a643ce5736c) Importer(2089858483,0ecaa5967403d082aa24f35e1b516d23) Generated GUIDs only implemented for interfaces!
 -> (artifact id: '57c02528ad6d8bf7d0e20ea8df36f08f') in 0.024924 seconds 
========================================================================
Received Import Request.
  Time since last request: 0.000039 seconds.
  path: Assets/Prefabs/Cards/CardTEMP (1).prefab
  artifactKey: Guid(047fc8658e42a664dbaaf253739facbb) Importer(2089858483,0ecaa5967403d082aa24f35e1b516d23)
Start importing Assets/Prefabs/Cards/CardTEMP (1).prefab using Guid(047fc8658e42a664dbaaf253739facbb) Importer(2089858483,0ecaa5967403d082aa24f35e1b516d23) Generated GUIDs only implemented for interfaces!
 -> (artifact id: '157da7cd3d8d4cbf38c682200be7ce58') in 0.023348 seconds 
========================================================================
Received Import Request.
  Time since last request: 0.000027 seconds.
  path: Assets/Prefabs/Cards/CardTEMP (1) 12.prefab
  artifactKey: Guid(0e5f280c7455c0c4aa54d9e716d2b97f) Importer(2089858483,0ecaa5967403d082aa24f35e1b516d23)
Start importing Assets/Prefabs/Cards/CardTEMP (1) 12.prefab using Guid(0e5f280c7455c0c4aa54d9e716d2b97f) Importer(2089858483,0ecaa5967403d082aa24f35e1b516d23) Generated GUIDs only implemented for interfaces!
 -> (artifact id: '7302c84bab8647392eb57229174720a4') in 0.022201 seconds 
========================================================================
Received Import Request.
  Time since last request: 0.000033 seconds.
  path: Assets/Prefabs/Cards/CardTEMP (1) 28.prefab
  artifactKey: Guid(cdd0f831cfaa49e4699dd47a3a0a815d) Importer(2089858483,0ecaa5967403d082aa24f35e1b516d23)
Start importing Assets/Prefabs/Cards/CardTEMP (1) 28.prefab using Guid(cdd0f831cfaa49e4699dd47a3a0a815d) Importer(2089858483,0ecaa5967403d082aa24f35e1b516d23) Generated GUIDs only implemented for interfaces!
 -> (artifact id: '0adbe97e5cf17f770beff600ba4b37b8') in 0.028953 seconds 
========================================================================
Received Import Request.
  Time since last request: 0.000035 seconds.
  path: Assets/Prefabs/Cards/CardTEMP (1) 2.prefab
  artifactKey: Guid(7bc2fb498c74861488592727a052e85f) Importer(2089858483,0ecaa5967403d082aa24f35e1b516d23)
Start importing Assets/Prefabs/Cards/CardTEMP (1) 2.prefab using Guid(7bc2fb498c74861488592727a052e85f) Importer(2089858483,0ecaa5967403d082aa24f35e1b516d23) Generated GUIDs only implemented for interfaces!
 -> (artifact id: '968a26801dc0052509f90b7365d18169') in 0.028363 seconds 
Editor requested this worker to shutdown with reason: Scaling down because of idle timeout
AssetImportWorker is now disconnected from the server
Process exiting
Exiting without the bug reporter. Application will terminate with return code 0